<?xml version="1.0" encoding="UTF-8"?>
<testng-results ignored="0" total="2" passed="2" failed="0" skipped="0">
  <reporter-output>
  </reporter-output>
  <suite started-at="2023-09-05T21:57:06 IST" name="OpencartSuite" finished-at="2023-09-05T21:57:37 IST" duration-ms="30662">
    <groups>
      <group name="Master">
        <method signature="TC_001_AccountRegistrationTest.test_account_Registration()[pri:0, instance:testCases.TC_001_AccountRegistrationTest@543295b0]" name="test_account_Registration" class="testCases.TC_001_AccountRegistrationTest"/>
        <method signature="TC_002_LoginTest.test_Login()[pri:0, instance:testCases.TC_002_LoginTest@58cbafc2]" name="test_Login" class="testCases.TC_002_LoginTest"/>
      </group> <!-- Master -->
      <group name="Sanity">
        <method signature="TC_002_LoginTest.test_Login()[pri:0, instance:testCases.TC_002_LoginTest@58cbafc2]" name="test_Login" class="testCases.TC_002_LoginTest"/>
      </group> <!-- Sanity -->
      <group name="Regression">
        <method signature="TC_001_AccountRegistrationTest.test_account_Registration()[pri:0, instance:testCases.TC_001_AccountRegistrationTest@543295b0]" name="test_account_Registration" class="testCases.TC_001_AccountRegistrationTest"/>
      </group> <!-- Regression -->
    </groups>
    <test started-at="2023-09-05T21:57:06 IST" name="OpencartTest" finished-at="2023-09-05T21:57:37 IST" duration-ms="30662">
      <class name="testCases.TC_001_AccountRegistrationTest">
        <test-method is-config="true" signature="setUp(java.lang.String)[pri:0, instance:testCases.TC_001_AccountRegistrationTest@543295b0]" started-at="2023-09-05T21:57:07 IST" name="setUp" finished-at="2023-09-05T21:57:19 IST" duration-ms="11969" status="PASS">
          <params>
            <param index="0">
              <value>
                <![CDATA[chrome]]>
              </value>
            </param>
          </params>
          <reporter-output>
          </reporter-output>
        </test-method> <!-- setUp -->
        <test-method signature="test_account_Registration()[pri:0, instance:testCases.TC_001_AccountRegistrationTest@543295b0]" started-at="2023-09-05T21:57:19 IST" name="test_account_Registration" finished-at="2023-09-05T21:57:25 IST" duration-ms="5281" status="PASS">
          <reporter-output>
          </reporter-output>
        </test-method> <!-- test_account_Registration -->
        <test-method is-config="true" signature="teardown()[pri:0, instance:testCases.TC_001_AccountRegistrationTest@543295b0]" started-at="2023-09-05T21:57:25 IST" name="teardown" finished-at="2023-09-05T21:57:25 IST" duration-ms="596" status="PASS">
          <reporter-output>
          </reporter-output>
        </test-method> <!-- teardown -->
      </class> <!-- testCases.TC_001_AccountRegistrationTest -->
      <class name="testCases.TC_002_LoginTest">
        <test-method is-config="true" signature="setUp(java.lang.String)[pri:0, instance:testCases.TC_002_LoginTest@58cbafc2]" started-at="2023-09-05T21:57:25 IST" name="setUp" finished-at="2023-09-05T21:57:32 IST" duration-ms="6335" status="PASS">
          <params>
            <param index="0">
              <value>
                <![CDATA[chrome]]>
              </value>
            </param>
          </params>
          <reporter-output>
          </reporter-output>
        </test-method> <!-- setUp -->
        <test-method signature="test_Login()[pri:0, instance:testCases.TC_002_LoginTest@58cbafc2]" started-at="2023-09-05T21:57:32 IST" name="test_Login" finished-at="2023-09-05T21:57:36 IST" duration-ms="4398" status="PASS">
          <reporter-output>
          </reporter-output>
        </test-method> <!-- test_Login -->
        <test-method is-config="true" signature="teardown()[pri:0, instance:testCases.TC_002_LoginTest@58cbafc2]" started-at="2023-09-05T21:57:36 IST" name="teardown" finished-at="2023-09-05T21:57:37 IST" duration-ms="991" status="PASS">
          <reporter-output>
          </reporter-output>
        </test-method> <!-- teardown -->
      </class> <!-- testCases.TC_002_LoginTest -->
    </test> <!-- OpencartTest -->
  </suite> <!-- OpencartSuite -->
</testng-results>
