<?xml version="1.0" encoding="UTF-8"?>
<!-- Generated by org.testng.reporters.JUnitXMLReporter -->
<testsuite ignored="1" hostname="WINDOWS-4TSP307" failures="0" tests="1" name="OpencartTest" time="11.448" errors="0" timestamp="2023-09-02T01:08:50 IST">
  <testcase classname="testCases.TC_002_LoginTest" name="test_Login" time="1.691"/>
  <testcase classname="testCases.TC_001_AccountRegistrationTest" name="test_account_Registration" time="0.0">
    <ignored/>
  </testcase> <!-- test_account_Registration -->
</testsuite> <!-- OpencartTest -->
